Using pre-set license
Built from '2020.2/release' branch; Version is '2020.2.1f1 (270dd8c3da1c) revision 2559448'; Using compiler version '192528614'; Build Type 'Release'
OS: 'Windows 10  (10.0.0) 64bit' Language: 'tr' Physical Memory: 16250 MB
BatchMode: 1, IsHumanControllingUs: 0, StartBugReporterOnCrash: 0, Is64bit: 1, IsPro: 0

 COMMAND LINE ARGUMENTS:
C:\Program Files\Unit Saved Files\2020.2.1f1\Editor\Unity.exe
-adb2
-batchMode
-noUpm
-name
AssetImportWorker0
-projectPath
C:/Users/DELL/Desktop/KodluyoruzÖdev/BbtanGame
-logFile
Logs/AssetImportWorker0.log
-srvPort
61411
Successfully changed project path to: C:/Users/DELL/Desktop/KodluyoruzÖdev/BbtanGame
C:/Users/DELL/Desktop/KodluyoruzÖdev/BbtanGame
Using Asset Import Pipeline V2.
Refreshing native plugins compatible for Editor in 54.31 ms, found 0 plugins.
Preloading 0 native plugins for Editor in 0.00 ms.
Initialize engine version: 2020.2.1f1 (270dd8c3da1c)
[Subsystems] Discovering subsystems at path C:/Program Files/Unit Saved Files/2020.2.1f1/Editor/Data/Resources/UnitySubsystems
[Subsystems] Discovering subsystems at path C:/Users/DELL/Desktop/KodluyoruzÖdev/BbtanGame/Assets
GfxDevice: creating device client; threaded=0
Direct3D:
    Version:  Direct3D 11.0 [level 11.1]
    Renderer: NVIDIA GeForce GTX 1050 Ti (ID=0x1c8c)
    Vendor:   
    VRAM:     4018 MB
    Driver:   27.21.14.6647
Initialize mono
Mono path[0] = 'C:/Program Files/Unit Saved Files/2020.2.1f1/Editor/Data/Managed'
Mono path[1] = 'C:/Program Files/Unit Saved Files/2020.2.1f1/Editor/Data/MonoBleedingEdge/lib/mono/unityjit'
Mono config path = 'C:/Program Files/Unit Saved Files/2020.2.1f1/Editor/Data/MonoBleedingEdge/etc'
Using monoOptions --debugger-agent=transport=dt_socket,embedding=1,server=y,suspend=n,address=127.0.0.1:56416
Begin MonoManager ReloadAssembly
Registering precompiled unity dll's ...
Register platform support module: C:/Program Files/Unit Saved Files/2020.2.1f1/Editor/Data/PlaybackEngines/WindowsStandaloneSupport/UnityEditor.WindowsStandalone.Extensions.dll
Registered in 0.002873 seconds.
Native extension for WindowsStandalone target not found
Refreshing native plugins compatible for Editor in 63.78 ms, found 0 plugins.
Preloading 0 native plugins for Editor in 0.00 ms.
Invoked RoslynAnalysisRunner static constructor.
RoslynAnalysisRunner will not be running.
RoslynAnalysisRunner has terminated.
Mono: successfully reloaded assembly
- Completed reload, in  1.818 seconds
Platform modules already initialized, skipping
Registering precompiled user dll's ...
Registered in 0.003201 seconds.
Begin MonoManager ReloadAssembly
Native extension for WindowsStandalone target not found
Refreshing native plugins compatible for Editor in 0.38 ms, found 0 plugins.
Preloading 0 native plugins for Editor in 0.00 ms.
Invoked RoslynAnalysisRunner static constructor.
RoslynAnalysisRunner will not be running.
RoslynAnalysisRunner has terminated.
Mono: successfully reloaded assembly
- Completed reload, in  1.494 seconds
Platform modules already initialized, skipping
========================================================================
Worker process is ready to serve import requests
Launched and connected shader compiler UnityShaderCompiler.exe after 0.08 seconds
Refreshing native plugins compatible for Editor in 0.39 ms, found 0 plugins.
Preloading 0 native plugins for Editor in 0.00 ms.
Unloading 1388 Unused Serialized files (Serialized files now loaded: 0)
System memory in use before: 64.8 MB.
System memory in use after: 64.9 MB.

Unloading 33 unused Assets to reduce memory usage. Loaded Objects now: 1813.
Total: 6.933900 ms (FindLiveObjects: 0.311800 ms CreateObjectMapping: 0.117700 ms MarkObjects: 6.427900 ms  DeleteObjects: 0.071800 ms)

========================================================================
Received Import Request.
  path: Assets/Bouncy.physicsMaterial2D
  artifactKey: Guid(22e1f9e057c3b4a40b1f1288ddb16e11) Importer(815301076,1909f56bfc062723c751e8b465ee728b)
Start importing Assets/Bouncy.physicsMaterial2D using Guid(22e1f9e057c3b4a40b1f1288ddb16e11) Importer(815301076,1909f56bfc062723c751e8b465ee728b)  -> (artifact id: '5f9eebe93e42696f2f74b14973ee8196') in 0.054896 seconds
  Import took 0.061600 seconds .

========================================================================
Received Import Request.
  Time since last request: 8.498055 seconds.
  path: Assets/Scripts
  artifactKey: Guid(c81e0b335d0597a48a7be879f0169da5) Importer(815301076,1909f56bfc062723c751e8b465ee728b)
Start importing Assets/Scripts using Guid(c81e0b335d0597a48a7be879f0169da5) Importer(815301076,1909f56bfc062723c751e8b465ee728b)  -> (artifact id: '0618cd67f18c91c6831b3b65e72affcd') in 0.002426 seconds
  Import took 0.005103 seconds .

========================================================================
Received Import Request.
  Time since last request: 0.015133 seconds.
  path: Assets/Scripts
  artifactKey: Guid(c81e0b335d0597a48a7be879f0169da5) Importer(815301076,1909f56bfc062723c751e8b465ee728b)
Start importing Assets/Scripts using Guid(c81e0b335d0597a48a7be879f0169da5) Importer(815301076,1909f56bfc062723c751e8b465ee728b)  -> (artifact id: '0618cd67f18c91c6831b3b65e72affcd') in 0.002599 seconds
  Import took 0.006017 seconds .

========================================================================
Received Import Request.
  Time since last request: 1.852589 seconds.
  path: Assets/Scenes
  artifactKey: Guid(131a6b21c8605f84396be9f6751fb6e3) Importer(815301076,1909f56bfc062723c751e8b465ee728b)
Start importing Assets/Scenes using Guid(131a6b21c8605f84396be9f6751fb6e3) Importer(815301076,1909f56bfc062723c751e8b465ee728b)  -> (artifact id: '6a3641cb6b9ad48032c8e60bb93a51cb') in 0.002814 seconds
  Import took 0.006080 seconds .

========================================================================
Received Import Request.
  Time since last request: 1.129305 seconds.
  path: Assets/Scenes/SampleScene.unity
  artifactKey: Guid(2cda990e2423bbf4892e6590ba056729) Importer(815301076,1909f56bfc062723c751e8b465ee728b)
Start importing Assets/Scenes/SampleScene.unity using Guid(2cda990e2423bbf4892e6590ba056729) Importer(815301076,1909f56bfc062723c751e8b465ee728b)  -> (artifact id: '9104fa44149fe1630f5280390dca1c5d') in 0.005537 seconds
  Import took 0.009846 seconds .

========================================================================
Received Prepare
Registering precompiled user dll's ...
Registered in 0.002476 seconds.
Begin MonoManager ReloadAssembly
Native extension for WindowsStandalone target not found
Refreshing native plugins compatible for Editor in 0.64 ms, found 0 plugins.
Preloading 0 native plugins for Editor in 0.00 ms.
Invoked RoslynAnalysisRunner static constructor.
RoslynAnalysisRunner will not be running.
RoslynAnalysisRunner has terminated.
Mono: successfully reloaded assembly
- Completed reload, in  1.154 seconds
Platform modules already initialized, skipping
Refreshing native plugins compatible for Editor in 0.40 ms, found 0 plugins.
Preloading 0 native plugins for Editor in 0.00 ms.
Unloading 1372 Unused Serialized files (Serialized files now loaded: 0)
System memory in use before: 64.1 MB.
System memory in use after: 64.2 MB.

Unloading 24 unused Assets to reduce memory usage. Loaded Objects now: 1815.
Total: 2.255800 ms (FindLiveObjects: 0.391700 ms CreateObjectMapping: 0.168900 ms MarkObjects: 1.670100 ms  DeleteObjects: 0.023200 ms)

========================================================================
Received Prepare
Registering precompiled user dll's ...
Registered in 0.002797 seconds.
Begin MonoManager ReloadAssembly
Native extension for WindowsStandalone target not found
Refreshing native plugins compatible for Editor in 0.41 ms, found 0 plugins.
Preloading 0 native plugins for Editor in 0.00 ms.
Invoked RoslynAnalysisRunner static constructor.
RoslynAnalysisRunner will not be running.
RoslynAnalysisRunner has terminated.
Mono: successfully reloaded assembly
- Completed reload, in  0.981 seconds
Platform modules already initialized, skipping
Refreshing native plugins compatible for Editor in 0.41 ms, found 0 plugins.
Preloading 0 native plugins for Editor in 0.00 ms.
Unloading 1372 Unused Serialized files (Serialized files now loaded: 0)
System memory in use before: 64.2 MB.
System memory in use after: 64.3 MB.

Unloading 24 unused Assets to reduce memory usage. Loaded Objects now: 1817.
Total: 3.506200 ms (FindLiveObjects: 0.424900 ms CreateObjectMapping: 0.176900 ms MarkObjects: 2.865300 ms  DeleteObjects: 0.036400 ms)

========================================================================
Received Prepare
Registering precompiled user dll's ...
Registered in 0.003324 seconds.
Begin MonoManager ReloadAssembly
Native extension for WindowsStandalone target not found
Refreshing native plugins compatible for Editor in 0.43 ms, found 0 plugins.
Preloading 0 native plugins for Editor in 0.00 ms.
Invoked RoslynAnalysisRunner static constructor.
RoslynAnalysisRunner will not be running.
RoslynAnalysisRunner has terminated.
Mono: successfully reloaded assembly
- Completed reload, in  1.555 seconds
Platform modules already initialized, skipping
Refreshing native plugins compatible for Editor in 0.46 ms, found 0 plugins.
Preloading 0 native plugins for Editor in 0.00 ms.
Unloading 1372 Unused Serialized files (Serialized files now loaded: 0)
System memory in use before: 64.3 MB.
System memory in use after: 64.5 MB.

Unloading 24 unused Assets to reduce memory usage. Loaded Objects now: 1819.
Total: 2.647100 ms (FindLiveObjects: 0.297900 ms CreateObjectMapping: 0.108400 ms MarkObjects: 2.211900 ms  DeleteObjects: 0.027200 ms)

========================================================================
Received Prepare
Registering precompiled user dll's ...
Registered in 0.004690 seconds.
Begin MonoManager ReloadAssembly
Native extension for WindowsStandalone target not found
Refreshing native plugins compatible for Editor in 0.43 ms, found 0 plugins.
Preloading 0 native plugins for Editor in 0.00 ms.
Invoked RoslynAnalysisRunner static constructor.
RoslynAnalysisRunner will not be running.
RoslynAnalysisRunner has terminated.
Mono: successfully reloaded assembly
- Completed reload, in  1.099 seconds
Platform modules already initialized, skipping
Refreshing native plugins compatible for Editor in 0.66 ms, found 0 plugins.
Preloading 0 native plugins for Editor in 0.00 ms.
Unloading 1372 Unused Serialized files (Serialized files now loaded: 0)
System memory in use before: 64.5 MB.
System memory in use after: 64.6 MB.

Unloading 24 unused Assets to reduce memory usage. Loaded Objects now: 1821.
Total: 2.342700 ms (FindLiveObjects: 0.182700 ms CreateObjectMapping: 0.059600 ms MarkObjects: 2.066900 ms  DeleteObjects: 0.031800 ms)

========================================================================
Received Import Request.
  Time since last request: 912.743402 seconds.
  path: Assets/Scripts/Ball.cs
  artifactKey: Guid(f78b213997ee72f4c854d12d94ed62ad) Importer(815301076,1909f56bfc062723c751e8b465ee728b)
Start importing Assets/Scripts/Ball.cs using Guid(f78b213997ee72f4c854d12d94ed62ad) Importer(815301076,1909f56bfc062723c751e8b465ee728b)  -> (artifact id: 'daf6b7c4d43b5ec7a9c6a4dc2be0d25b') in 0.013443 seconds
  Import took 0.016909 seconds .

========================================================================
Received Prepare
Registering precompiled user dll's ...
Registered in 0.003008 seconds.
Begin MonoManager ReloadAssembly
Native extension for WindowsStandalone target not found
Refreshing native plugins compatible for Editor in 0.38 ms, found 0 plugins.
Preloading 0 native plugins for Editor in 0.00 ms.
Invoked RoslynAnalysisRunner static constructor.
RoslynAnalysisRunner will not be running.
RoslynAnalysisRunner has terminated.
Mono: successfully reloaded assembly
- Completed reload, in  1.089 seconds
Platform modules already initialized, skipping
Refreshing native plugins compatible for Editor in 0.40 ms, found 0 plugins.
Preloading 0 native plugins for Editor in 0.00 ms.
Unloading 1372 Unused Serialized files (Serialized files now loaded: 0)
System memory in use before: 64.6 MB.
System memory in use after: 64.7 MB.

Unloading 24 unused Assets to reduce memory usage. Loaded Objects now: 1823.
Total: 3.426700 ms (FindLiveObjects: 0.225000 ms CreateObjectMapping: 0.082500 ms MarkObjects: 3.065700 ms  DeleteObjects: 0.051300 ms)

========================================================================
Received Import Request.
  Time since last request: 2378.413315 seconds.
  path: Assets/Scripts/BallLauncher.cs
  artifactKey: Guid(3467d9cca0722384d9df0ce340911c2d) Importer(815301076,1909f56bfc062723c751e8b465ee728b)
Start importing Assets/Scripts/BallLauncher.cs using Guid(3467d9cca0722384d9df0ce340911c2d) Importer(815301076,1909f56bfc062723c751e8b465ee728b)  -> (artifact id: 'f1cfad025146e30965a08019c6dda22c') in 0.006714 seconds
  Import took 0.010448 seconds .

========================================================================
Received Import Request.
  Time since last request: 0.027579 seconds.
  path: Assets/Scripts/BallLauncher.cs
  artifactKey: Guid(3467d9cca0722384d9df0ce340911c2d) Importer(815301076,1909f56bfc062723c751e8b465ee728b)
Start importing Assets/Scripts/BallLauncher.cs using Guid(3467d9cca0722384d9df0ce340911c2d) Importer(815301076,1909f56bfc062723c751e8b465ee728b)  -> (artifact id: 'f1cfad025146e30965a08019c6dda22c') in 0.002831 seconds
  Import took 0.006202 seconds .

AssetImportWorkerClient::OnTransportError - code=2 error=End of file
